vvp -M /home/cfy/.local/lib/python3.10/site-packages/cocotb/libs -m libcocotbvpi_icarus .build/sim -fst +dump
     -.--ns INFO     gpi                                ..mbed/gpi_embed.cpp:76   in set_program_name_in_venv        Did not detect Python virtual environment. Using system-wide Python interpreter
     -.--ns INFO     gpi                                ../gpi/GpiCommon.cpp:101  in gpi_print_registered_impl       VPI registered
     0.00ns INFO     cocotb                             Running on Icarus Verilog version 13.0 (devel)
     0.00ns INFO     cocotb                             Running tests with cocotb v1.7.2 from /home/cfy/.local/lib/python3.10/site-packages/cocotb
     0.00ns INFO     cocotb                             Seeding Python random module with 1681125097
     0.00ns INFO     cocotb.regression                  pytest not found, install it to enable better AssertionError messages
     0.00ns INFO     cocotb.regression                  Found test testbench.run_test
     0.00ns ERROR    cocotb.regression                  Failed to initialize test run_test
                                                        Traceback (most recent call last):
                                                          File "/home/cfy/.local/lib/python3.10/site-packages/cocotb/decorators.py", line 603, in __call__
                                                            coro = RunningTest(inst, self)
                                                          File "/home/cfy/.local/lib/python3.10/site-packages/cocotb/decorators.py", line 363, in __init__
                                                            super().__init__(inst, parent)
                                                          File "/home/cfy/.local/lib/python3.10/site-packages/cocotb/decorators.py", line 346, in __init__
                                                            super().__init__(inst)
                                                          File "/home/cfy/.local/lib/python3.10/site-packages/cocotb/decorators.py", line 96, in __init__
                                                            raise TypeError(
                                                        TypeError: run_test is an async generator, not a coroutine. You likely used the yield keyword instead of await.
     0.00ns INFO     cocotb.regression                  run_test failed
                                                        Traceback (most recent call last):
                                                          File "/home/cfy/.local/lib/python3.10/site-packages/cocotb/decorators.py", line 603, in __call__
                                                            coro = RunningTest(inst, self)
                                                          File "/home/cfy/.local/lib/python3.10/site-packages/cocotb/decorators.py", line 363, in __init__
                                                            super().__init__(inst, parent)
                                                          File "/home/cfy/.local/lib/python3.10/site-packages/cocotb/decorators.py", line 346, in __init__
                                                            super().__init__(inst)
                                                          File "/home/cfy/.local/lib/python3.10/site-packages/cocotb/decorators.py", line 96, in __init__
                                                            raise TypeError(
                                                        TypeError: run_test is an async generator, not a coroutine. You likely used the yield keyword instead of await.
     0.00ns INFO     cocotb.regression                  **************************************************************************************
                                                        ** TEST                          STATUS  SIM TIME (ns)  REAL TIME (s)  RATIO (ns/s) **
                                                        **************************************************************************************
                                                        ** testbench.run_test             FAIL           0.00           0.00           nan  **
                                                        **************************************************************************************
                                                        ** TESTS=1 PASS=0 FAIL=1 SKIP=0                  0.00           0.01          0.00  **
                                                        **************************************************************************************
                                                        
